E:\C++\CUDA_PROJECT\LARGESCALEMACHINELEARNING\TESTLR\DEBUG\LR_GPULIB.ILK
E:\C++\CUDA_PROJECT\LARGESCALEMACHINELEARNING\TESTLR\DEBUG\LR_GPULIB.DLL
E:\C++\CUDA_PROJECT\LARGESCALEMACHINELEARNING\TESTLR\DEBUG\LR_GPULIB.PDB
E:\C++\cuda_project\LargeScaleMachineLearning\TestLR\Debug\LR_GPULib.lib
E:\C++\cuda_project\LargeScaleMachineLearning\TestLR\Debug\LR_GPULib.exp
E:\C++\cuda_project\LargeScaleMachineLearning\TestLR\LR_GPULib\Debug\LR_GPU.cu.cache
E:\C++\cuda_project\LargeScaleMachineLearning\TestLR\LR_GPULib\Debug\LR_GPU_Functors.cu.cache
E:\C++\cuda_project\LargeScaleMachineLearning\TestLR\LR_GPULib\Debug\LR_GPU.cu.obj
E:\C++\cuda_project\LargeScaleMachineLearning\TestLR\LR_GPULib\Debug\LR_GPU_Functors.cu.obj
E:\C++\cuda_project\LargeScaleMachineLearning\TestLR\LR_GPULib\Debug\link-cvtres.read.1.tlog
E:\C++\cuda_project\LargeScaleMachineLearning\TestLR\LR_GPULib\Debug\link-cvtres.write.1.tlog
E:\C++\cuda_project\LargeScaleMachineLearning\TestLR\LR_GPULib\Debug\link-rc.read.1.tlog
E:\C++\cuda_project\LargeScaleMachineLearning\TestLR\LR_GPULib\Debug\link-rc.write.1.tlog
E:\C++\cuda_project\LargeScaleMachineLearning\TestLR\LR_GPULib\Debug\link.command.1.tlog
E:\C++\cuda_project\LargeScaleMachineLearning\TestLR\LR_GPULib\Debug\link.read.1.tlog
E:\C++\cuda_project\LargeScaleMachineLearning\TestLR\LR_GPULib\Debug\link.write.1.tlog
E:\C++\cuda_project\LargeScaleMachineLearning\TestLR\LR_GPULib\Debug\LR_GPULib.write.1.tlog
E:\C++\cuda_project\LargeScaleMachineLearning\TestLR\Debug\LR_GPULib.pdb
E:\C++\cuda_project\LargeScaleMachineLearning\TestLR\Debug\LR_GPULib.dll
E:\C++\cuda_project\LargeScaleMachineLearning\TestLR\Debug\LR_GPULib.ilk
