E:\C++\CUDA_PROJECT\LARGESCALEMACHINELEARNING\TESTLR - 副本\LR_LIB\DEBUG\LR_GPULIB.PCH
E:\C++\CUDA_PROJECT\LARGESCALEMACHINELEARNING\TESTLR - 副本\LR_LIB\DEBUG\STDAFX.OBJ
E:\C++\CUDA_PROJECT\LARGESCALEMACHINELEARNING\TESTLR - 副本\LR_LIB\DEBUG\VC110.PDB
E:\C++\CUDA_PROJECT\LARGESCALEMACHINELEARNING\TESTLR - 副本\LR_LIB\DEBUG\LR_GPULIB.OBJ
E:\C++\CUDA_PROJECT\LARGESCALEMACHINELEARNING\TESTLR - 副本\LR_LIB\DEBUG\ASSEMBLYINFO.OBJ
E:\C++\CUDA_PROJECT\LARGESCALEMACHINELEARNING\TESTLR - 副本\LR_LIB\DEBUG\.NETFRAMEWORK,VERSION=V4.5.ASSEMBLYATTRIBUTES.OBJ
E:\C++\CUDA_PROJECT\LARGESCALEMACHINELEARNING\TESTLR - 副本\DEBUG\LR_GPULIB.ILK
E:\C++\CUDA_PROJECT\LARGESCALEMACHINELEARNING\TESTLR - 副本\DEBUG\LR_GPULIB.DLL
E:\C++\CUDA_PROJECT\LARGESCALEMACHINELEARNING\TESTLR - 副本\DEBUG\LR_GPULIB.PDB
E:\C++\cuda_project\LargeScaleMachineLearning\TestLR - 副本\Debug\LR_GPULib.lib
E:\C++\cuda_project\LargeScaleMachineLearning\TestLR - 副本\Debug\LR_GPULib.exp
E:\C++\CUDA_PROJECT\LARGESCALEMACHINELEARNING\TESTLR - 副本\LR_LIB\DEBUG\APP.RES
E:\C++\cuda_project\LargeScaleMachineLearning\TestLR - 副本\LR_Lib\Debug\.NETFramework,Version=v4.5.AssemblyAttributes.obj
E:\C++\cuda_project\LargeScaleMachineLearning\TestLR - 副本\LR_Lib\Debug\AssemblyInfo.obj
E:\C++\cuda_project\LargeScaleMachineLearning\TestLR - 副本\LR_Lib\Debug\LR_GPULib.obj
E:\C++\cuda_project\LargeScaleMachineLearning\TestLR - 副本\LR_Lib\Debug\Stdafx.obj
E:\C++\cuda_project\LargeScaleMachineLearning\TestLR - 副本\LR_Lib\Debug\cl.command.1.tlog
E:\C++\cuda_project\LargeScaleMachineLearning\TestLR - 副本\LR_Lib\Debug\CL.read.1.tlog
E:\C++\cuda_project\LargeScaleMachineLearning\TestLR - 副本\LR_Lib\Debug\CL.write.1.tlog
E:\C++\cuda_project\LargeScaleMachineLearning\TestLR - 副本\LR_Lib\Debug\link.7116-cvtres.read.1.tlog
E:\C++\cuda_project\LargeScaleMachineLearning\TestLR - 副本\LR_Lib\Debug\link.7116-cvtres.write.1.tlog
E:\C++\cuda_project\LargeScaleMachineLearning\TestLR - 副本\LR_Lib\Debug\link.7116-rc.read.1.tlog
E:\C++\cuda_project\LargeScaleMachineLearning\TestLR - 副本\LR_Lib\Debug\link.7116-rc.write.1.tlog
E:\C++\cuda_project\LargeScaleMachineLearning\TestLR - 副本\LR_Lib\Debug\link.7116.read.1.tlog
E:\C++\cuda_project\LargeScaleMachineLearning\TestLR - 副本\LR_Lib\Debug\link.7116.write.1.tlog
E:\C++\cuda_project\LargeScaleMachineLearning\TestLR - 副本\LR_Lib\Debug\link.command.1.tlog
E:\C++\cuda_project\LargeScaleMachineLearning\TestLR - 副本\LR_Lib\Debug\link.read.1.tlog
E:\C++\cuda_project\LargeScaleMachineLearning\TestLR - 副本\LR_Lib\Debug\link.write.1.tlog
E:\C++\cuda_project\LargeScaleMachineLearning\TestLR - 副本\LR_Lib\Debug\LR_GPULib.write.1.tlog
E:\C++\cuda_project\LargeScaleMachineLearning\TestLR - 副本\LR_Lib\Debug\metagen.read.1.tlog
E:\C++\cuda_project\LargeScaleMachineLearning\TestLR - 副本\LR_Lib\Debug\metagen.write.1.tlog
E:\C++\cuda_project\LargeScaleMachineLearning\TestLR - 副本\LR_Lib\Debug\rc.command.1.tlog
E:\C++\cuda_project\LargeScaleMachineLearning\TestLR - 副本\LR_Lib\Debug\rc.read.1.tlog
E:\C++\cuda_project\LargeScaleMachineLearning\TestLR - 副本\LR_Lib\Debug\rc.write.1.tlog
E:\C++\cuda_project\LargeScaleMachineLearning\TestLR - 副本\LR_Lib\Debug\app.res
E:\C++\cuda_project\LargeScaleMachineLearning\TestLR - 副本\LR_Lib\Debug\LR_GPULib.pch
E:\C++\cuda_project\LargeScaleMachineLearning\TestLR - 副本\LR_Lib\Debug\vc110.pdb
E:\C++\cuda_project\LargeScaleMachineLearning\TestLR - 副本\LR_Lib\Debug\RSAENH.DLL.bi
E:\C++\cuda_project\LargeScaleMachineLearning\TestLR - 副本\LR_Lib\Debug\TZRES.DLL.bi
E:\C++\cuda_project\LargeScaleMachineLearning\TestLR - 副本\Debug\LR_GPULib.pdb
E:\C++\cuda_project\LargeScaleMachineLearning\TestLR - 副本\Debug\LR_GPULib.dll
E:\C++\cuda_project\LargeScaleMachineLearning\TestLR - 副本\Debug\LR_GPULib.ilk
